<?xml version="1.0" encoding="UTF-8" standalone="no"?>
<!DOCTYPE log SYSTEM "logger.dtd">
<log>
</log>
<?xml version="1.0" encoding="UTF-8" standalone="no"?>
<!DOCTYPE log SYSTEM "logger.dtd">
<log>
<record>
  <date>2022-07-05T20:08:32.035125200Z</date>
  <millis>1657051712035</millis>
  <nanos>125200</nanos>
  <sequence>0</sequence>
  <logger>global</logger>
  <level>SEVERE</level>
  <class>application.functions.LogGenerator</class>
  <method>registerLog</method>
  <thread>1</thread>
  <message>Divided by zero! java.lang.ArithmeticException: / by zero</message>
</record>
<record>
  <date>2022-07-05T20:08:35.710985100Z</date>
  <millis>1657051715710</millis>
  <nanos>985100</nanos>
  <sequence>1</sequence>
  <logger>global</logger>
  <level>SEVERE</level>
  <class>application.functions.LogGenerator</class>
  <method>registerLog</method>
  <thread>1</thread>
  <message>Only Integers are allowed! java.util.InputMismatchException</message>
</record>
<record>
  <date>2022-07-05T20:08:36.631161Z</date>
  <millis>1657051716631</millis>
  <nanos>161000</nanos>
  <sequence>2</sequence>
  <logger>global</logger>
  <level>SEVERE</level>
  <class>application.functions.LogGenerator</class>
  <method>registerLog</method>
  <thread>1</thread>
  <message>Only Integers are allowed! java.util.InputMismatchException</message>
</record>
</log>
