<?xml version="1.0" encoding="UTF-8" standalone="no"?>
<!DOCTYPE log SYSTEM "logger.dtd">
<log>
<record>
  <date>2022-07-06T07:49:12.095301Z</date>
  <millis>1657093752095</millis>
  <nanos>301000</nanos>
  <sequence>0</sequence>
  <logger>global</logger>
  <level>WARNING</level>
  <class>application.functions.LogGenerator</class>
  <method>registerLog</method>
  <thread>1</thread>
  <message>Divided by zero! java.lang.ArithmeticException: / by zero</message>
</record>
<record>
  <date>2022-07-06T07:49:31.869338200Z</date>
  <millis>1657093771869</millis>
  <nanos>338200</nanos>
  <sequence>1</sequence>
  <logger>global</logger>
  <level>WARNING</level>
  <class>application.functions.LogGenerator</class>
  <method>registerLog</method>
  <thread>1</thread>
  <message>Only Integers are allowed! java.util.InputMismatchException</message>
</record>
<record>
  <date>2022-07-06T07:49:37.613780900Z</date>
  <millis>1657093777613</millis>
  <nanos>780900</nanos>
  <sequence>2</sequence>
  <logger>global</logger>
  <level>WARNING</level>
  <class>application.functions.LogGenerator</class>
  <method>registerLog</method>
  <thread>1</thread>
  <message>Only Integers are allowed! java.util.InputMismatchException</message>
</record>
</log>
